<?xml version="1.0" encoding="UTF-8"?>
<testng-results ignored="0" total="5" passed="4" failed="1" skipped="0">
  <reporter-output>
  </reporter-output>
  <suite started-at="2026-01-31T11:28:37 IST" name="Default suite" finished-at="2026-01-31T11:28:55 IST" duration-ms="17477">
    <groups>
    </groups>
    <test started-at="2026-01-31T11:28:37 IST" name="Default test" finished-at="2026-01-31T11:28:55 IST" duration-ms="17477">
      <class name="tests.OrangeHRMTest">
        <test-method is-config="true" signature="setUp()[pri:0, instance:tests.OrangeHRMTest@689604d9]" started-at="2026-01-31T11:28:37 IST" name="setUp" finished-at="2026-01-31T11:28:40 IST" duration-ms="2985" status="PASS">
          <reporter-output>
          </reporter-output>
        </test-method> <!-- setUp -->
        <test-method signature="addEmployeeTest()[pri:0, instance:tests.OrangeHRMTest@689604d9]" started-at="2026-01-31T11:28:40 IST" name="addEmployeeTest" finished-at="2026-01-31T11:28:43 IST" duration-ms="2567" status="PASS">
          <reporter-output>
          </reporter-output>
        </test-method> <!-- addEmployeeTest -->
        <test-method is-config="true" signature="teardown()[pri:0, instance:tests.OrangeHRMTest@689604d9]" started-at="2026-01-31T11:28:43 IST" name="teardown" finished-at="2026-01-31T11:28:43 IST" duration-ms="282" status="PASS">
          <reporter-output>
          </reporter-output>
        </test-method> <!-- teardown -->
        <test-method is-config="true" signature="setUp()[pri:0, instance:tests.OrangeHRMTest@689604d9]" started-at="2026-01-31T11:28:43 IST" name="setUp" finished-at="2026-01-31T11:28:45 IST" duration-ms="1710" status="PASS">
          <reporter-output>
          </reporter-output>
        </test-method> <!-- setUp -->
        <test-method signature="editMyInfoTest()[pri:0, instance:tests.OrangeHRMTest@689604d9]" started-at="2026-01-31T11:28:45 IST" name="editMyInfoTest" finished-at="2026-01-31T11:28:45 IST" duration-ms="12" status="FAIL">
          <exception class="java.lang.NullPointerException">
            <message>
              <![CDATA[Cannot invoke "org.openqa.selenium.WebDriver.findElement(org.openqa.selenium.By)" because "this.driver" is null]]>
            </message>
            <full-stacktrace>
              <![CDATA[java.lang.NullPointerException: Cannot invoke "org.openqa.selenium.WebDriver.findElement(org.openqa.selenium.By)" because "this.driver" is null
at pages.MyinfoPage.<init>(MyinfoPage.java:27)
at tests.OrangeHRMTest.editMyInfoTest(OrangeHRMTest.java:44)
at java.base/jdk.internal.reflect.DirectMethodHandleAccessor.invoke(DirectMethodHandleAccessor.java:103)
at java.base/java.lang.reflect.Method.invoke(Method.java:580)
at org.testng.internal.invokers.MethodInvocationHelper.invokeMethod(MethodInvocationHelper.java:139)
at org.testng.internal.invokers.TestInvoker.invokeMethod(TestInvoker.java:664)
at org.testng.internal.invokers.TestInvoker.invokeTestMethod(TestInvoker.java:227)
at org.testng.internal.invokers.MethodRunner.runInSequence(MethodRunner.java:50)
at org.testng.internal.invokers.TestInvoker$MethodInvocationAgent.invoke(TestInvoker.java:957)
at org.testng.internal.invokers.TestInvoker.invokeTestMethods(TestInvoker.java:200)
at org.testng.internal.invokers.TestMethodWorker.invokeTestMethods(TestMethodWorker.java:148)
at org.testng.internal.invokers.TestMethodWorker.run(TestMethodWorker.java:128)
at java.base/java.util.ArrayList.forEach(ArrayList.java:1596)
at org.testng.TestRunner.privateRun(TestRunner.java:848)
at org.testng.TestRunner.run(TestRunner.java:621)
at org.testng.SuiteRunner.runTest(SuiteRunner.java:443)
at org.testng.SuiteRunner.runSequentially(SuiteRunner.java:437)
at org.testng.SuiteRunner.privateRun(SuiteRunner.java:397)
at org.testng.SuiteRunner.run(SuiteRunner.java:336)
at org.testng.SuiteRunnerWorker.runSuite(SuiteRunnerWorker.java:52)
at org.testng.SuiteRunnerWorker.run(SuiteRunnerWorker.java:95)
at org.testng.TestNG.runSuitesSequentially(TestNG.java:1280)
at org.testng.TestNG.runSuitesLocally(TestNG.java:1200)
at org.testng.TestNG.runSuites(TestNG.java:1114)
at org.testng.TestNG.run(TestNG.java:1082)
at org.testng.remote.AbstractRemoteTestNG.run(AbstractRemoteTestNG.java:115)
at org.testng.remote.RemoteTestNG.initAndRun(RemoteTestNG.java:293)
at org.testng.remote.RemoteTestNG.main(RemoteTestNG.java:91)
]]>
            </full-stacktrace>
          </exception> <!-- java.lang.NullPointerException -->
          <reporter-output>
          </reporter-output>
        </test-method> <!-- editMyInfoTest -->
        <test-method is-config="true" signature="teardown()[pri:0, instance:tests.OrangeHRMTest@689604d9]" started-at="2026-01-31T11:28:45 IST" name="teardown" finished-at="2026-01-31T11:28:45 IST" duration-ms="304" status="PASS">
          <reporter-output>
          </reporter-output>
        </test-method> <!-- teardown -->
        <test-method is-config="true" signature="setUp()[pri:0, instance:tests.OrangeHRMTest@689604d9]" started-at="2026-01-31T11:28:45 IST" name="setUp" finished-at="2026-01-31T11:28:47 IST" duration-ms="1423" status="PASS">
          <reporter-output>
          </reporter-output>
        </test-method> <!-- setUp -->
        <test-method signature="loginTest()[pri:0, instance:tests.OrangeHRMTest@689604d9]" started-at="2026-01-31T11:28:47 IST" name="loginTest" finished-at="2026-01-31T11:28:48 IST" duration-ms="1127" status="PASS">
          <reporter-output>
          </reporter-output>
        </test-method> <!-- loginTest -->
        <test-method is-config="true" signature="teardown()[pri:0, instance:tests.OrangeHRMTest@689604d9]" started-at="2026-01-31T11:28:48 IST" name="teardown" finished-at="2026-01-31T11:28:48 IST" duration-ms="248" status="PASS">
          <reporter-output>
          </reporter-output>
        </test-method> <!-- teardown -->
        <test-method is-config="true" signature="setUp()[pri:0, instance:tests.OrangeHRMTest@689604d9]" started-at="2026-01-31T11:28:48 IST" name="setUp" finished-at="2026-01-31T11:28:50 IST" duration-ms="1580" status="PASS">
          <reporter-output>
          </reporter-output>
        </test-method> <!-- setUp -->
        <test-method signature="verifyDirectoryTest()[pri:0, instance:tests.OrangeHRMTest@689604d9]" started-at="2026-01-31T11:28:50 IST" name="verifyDirectoryTest" finished-at="2026-01-31T11:28:53 IST" duration-ms="2985" status="PASS">
          <reporter-output>
          </reporter-output>
        </test-method> <!-- verifyDirectoryTest -->
        <test-method is-config="true" signature="teardown()[pri:0, instance:tests.OrangeHRMTest@689604d9]" started-at="2026-01-31T11:28:53 IST" name="teardown" finished-at="2026-01-31T11:28:53 IST" duration-ms="288" status="PASS">
          <reporter-output>
          </reporter-output>
        </test-method> <!-- teardown -->
        <test-method is-config="true" signature="setUp()[pri:0, instance:tests.OrangeHRMTest@689604d9]" started-at="2026-01-31T11:28:53 IST" name="setUp" finished-at="2026-01-31T11:28:54 IST" duration-ms="1527" status="PASS">
          <reporter-output>
          </reporter-output>
        </test-method> <!-- setUp -->
        <test-method signature="verifyTitle()[pri:0, instance:tests.OrangeHRMTest@689604d9]" started-at="2026-01-31T11:28:54 IST" name="verifyTitle" finished-at="2026-01-31T11:28:54 IST" duration-ms="16" status="PASS">
          <reporter-output>
          </reporter-output>
        </test-method> <!-- verifyTitle -->
        <test-method is-config="true" signature="teardown()[pri:0, instance:tests.OrangeHRMTest@689604d9]" started-at="2026-01-31T11:28:54 IST" name="teardown" finished-at="2026-01-31T11:28:55 IST" duration-ms="356" status="PASS">
          <reporter-output>
          </reporter-output>
        </test-method> <!-- teardown -->
      </class> <!-- tests.OrangeHRMTest -->
    </test> <!-- Default test -->
  </suite> <!-- Default suite -->
</testng-results>
